0 info it worked if it ends with ok
1 verbose cli [ 'C:\\Program Files\\nodejs\\node.exe',
1 verbose cli   'C:\\Program Files\\nodejs\\node_modules\\npm\\bin\\npm-cli.js',
1 verbose cli   'run',
1 verbose cli   'dist' ]
2 info using npm@3.10.10
3 info using node@v6.9.5
4 verbose run-script [ 'predist', 'dist', 'postdist' ]
5 info lifecycle es6-basic-seed@1.0.0~predist: es6-basic-seed@1.0.0
6 silly lifecycle es6-basic-seed@1.0.0~predist: no script for predist, continuing
7 info lifecycle es6-basic-seed@1.0.0~dist: es6-basic-seed@1.0.0
8 verbose lifecycle es6-basic-seed@1.0.0~dist: unsafe-perm in lifecycle true
9 verbose lifecycle es6-basic-seed@1.0.0~dist: PATH: C:\Program Files\nodejs\node_modules\npm\bin\node-gyp-bin;D:\CodeLibrary\seed-projects\es6-basic-seed\node_modules\.bin;C:\WINDOWS\system32;C:\WINDOWS;C:\WINDOWS\system32\Wbem;C:\Program Files (x86)\Intel\iCLS Client\;C:\Program Files\Intel\iCLS Client\;C:\WINDOWS\System32\WindowsPowerShell\v1.0\;C:\Program Files\Intel\Intel(R) Management Engine Components\DAL;C:\Program Files\Intel\Intel(R) Management Engine Components\IPT;C:\Program Files (x86)\Intel\Intel(R) Management Engine Components\DAL;C:\Program Files (x86)\Intel\Intel(R) Management Engine Components\IPT;C:\Program Files\TortoiseSVN\bin;C:\WINDOWS\System32\Wbem;C:\Program Files\nodejs\;C:\Program Files\Git\cmd;C:\Users\ashim.saha\AppData\Roaming\npm;C:\Program Files (x86)\Microsoft VS Code\bin
10 verbose lifecycle es6-basic-seed@1.0.0~dist: CWD: D:\CodeLibrary\seed-projects\es6-basic-seed
11 silly lifecycle es6-basic-seed@1.0.0~dist: Args: [ '/d /s /c', 'npm test && npm run build-dist' ]
12 silly lifecycle es6-basic-seed@1.0.0~dist: Returned: code: 1  signal: null
13 info lifecycle es6-basic-seed@1.0.0~dist: Failed to exec dist script
14 verbose stack Error: es6-basic-seed@1.0.0 dist: `npm test && npm run build-dist`
14 verbose stack Exit status 1
14 verbose stack     at EventEmitter.<anonymous> (C:\Program Files\nodejs\node_modules\npm\lib\utils\lifecycle.js:255:16)
14 verbose stack     at emitTwo (events.js:106:13)
14 verbose stack     at EventEmitter.emit (events.js:191:7)
14 verbose stack     at ChildProcess.<anonymous> (C:\Program Files\nodejs\node_modules\npm\lib\utils\spawn.js:40:14)
14 verbose stack     at emitTwo (events.js:106:13)
14 verbose stack     at ChildProcess.emit (events.js:191:7)
14 verbose stack     at maybeClose (internal/child_process.js:877:16)
14 verbose stack     at Process.ChildProcess._handle.onexit (internal/child_process.js:226:5)
15 verbose pkgid es6-basic-seed@1.0.0
16 verbose cwd D:\CodeLibrary\seed-projects\es6-basic-seed
17 error Windows_NT 10.0.10240
18 error argv "C:\\Program Files\\nodejs\\node.exe" "C:\\Program Files\\nodejs\\node_modules\\npm\\bin\\npm-cli.js" "run" "dist"
19 error node v6.9.5
20 error npm  v3.10.10
21 error code ELIFECYCLE
22 error es6-basic-seed@1.0.0 dist: `npm test && npm run build-dist`
22 error Exit status 1
23 error Failed at the es6-basic-seed@1.0.0 dist script 'npm test && npm run build-dist'.
23 error Make sure you have the latest version of node.js and npm installed.
23 error If you do, this is most likely a problem with the es6-basic-seed package,
23 error not with npm itself.
23 error Tell the author that this fails on your system:
23 error     npm test && npm run build-dist
23 error You can get information on how to open an issue for this project with:
23 error     npm bugs es6-basic-seed
23 error Or if that isn't available, you can get their info via:
23 error     npm owner ls es6-basic-seed
23 error There is likely additional logging output above.
24 verbose exit [ 1, true ]
